# JRE version: Java(TM) SE Runtime Environment 18.9 (11.0.14+8) (build 11.0.14+8-LTS-263)
# Java VM: Java HotSpot(TM) 64-Bit Server VM 18.9 (11.0.14+8-LTS-263, mixed mode, tiered, compressed oops, g1 gc, windows-amd64)
Heap:
 garbage-first heap   total 189440K, used 27173K [0x0000000080a00000, 0x0000000100000000)
  region size 1024K, 7 young (7168K), 7 survivors (7168K)
 Metaspace       used 58199K, capacity 59820K, committed 59948K, reserved 1101824K
  class space    used 7853K, capacity 8517K, committed 8576K, reserved 1048576K
GC Heap History (10 events):
Event: 0.989 GC heap after
{Heap after GC invocations=4 (full 0):
 garbage-first heap   total 131072K, used 10539K [0x0000000080a00000, 0x0000000100000000)
  region size 1024K, 3 young (3072K), 3 survivors (3072K)
 Metaspace       used 20426K, capacity 21146K, committed 21248K, reserved 1067008K
  class space    used 2435K, capacity 2739K, committed 2816K, reserved 1048576K
}
Event: 1.321 GC heap before
{Heap before GC invocations=5 (full 0):
 garbage-first heap   total 131072K, used 85291K [0x0000000080a00000, 0x0000000100000000)
  region size 1024K, 76 young (77824K), 3 survivors (3072K)
 Metaspace       used 30286K, capacity 31176K, committed 31360K, reserved 1077248K
  class space    used 3765K, capacity 4130K, committed 4224K, reserved 1048576K
}
Event: 1.327 GC heap after
{Heap after GC invocations=6 (full 0):
 garbage-first heap   total 157696K, used 14254K [0x0000000080a00000, 0x0000000100000000)
  region size 1024K, 7 young (7168K), 7 survivors (7168K)
 Metaspace       used 30286K, capacity 31176K, committed 31360K, reserved 1077248K
  class space    used 3765K, capacity 4130K, committed 4224K, reserved 1048576K
}
Event: 1.824 GC heap before
{Heap before GC invocations=6 (full 0):
 garbage-first heap   total 157696K, used 85934K [0x0000000080a00000, 0x0000000100000000)
  region size 1024K, 78 young (79872K), 7 survivors (7168K)
 Metaspace       used 34674K, capacity 35723K, committed 35840K, reserved 1081344K
  class space    used 4416K, capacity 4863K, committed 4864K, reserved 1048576K
}
Event: 1.833 GC heap after
{Heap after GC invocations=7 (full 0):
 garbage-first heap   total 157696K, used 16879K [0x0000000080a00000, 0x0000000100000000)
  region size 1024K, 9 young (9216K), 9 survivors (9216K)
 Metaspace       used 34674K, capacity 35723K, committed 35840K, reserved 1081344K
  class space    used 4416K, capacity 4863K, committed 4864K, reserved 1048576K
}
Event: 2.677 GC heap before
{Heap before GC invocations=8 (full 0):
 garbage-first heap   total 157696K, used 99823K [0x0000000080a00000, 0x0000000100000000)
  region size 1024K, 90 young (92160K), 9 survivors (9216K)
 Metaspace       used 41633K, capacity 43073K, committed 43136K, reserved 1087488K
  class space    used 5412K, capacity 5993K, committed 6016K, reserved 1048576K
}
Event: 2.686 GC heap after
{Heap after GC invocations=9 (full 0):
 garbage-first heap   total 157696K, used 20911K [0x0000000080a00000, 0x0000000100000000)
  region size 1024K, 7 young (7168K), 7 survivors (7168K)
 Metaspace       used 41633K, capacity 43073K, committed 43136K, reserved 1087488K
  class space    used 5412K, capacity 5993K, committed 6016K, reserved 1048576K
}
Event: 3.663 GC heap before
{Heap before GC invocations=9 (full 0):
 garbage-first heap   total 157696K, used 107951K [0x0000000080a00000, 0x0000000100000000)
  region size 1024K, 92 young (94208K), 7 survivors (7168K)
 Metaspace       used 55742K, capacity 57303K, committed 57600K, reserved 1099776K
  class space    used 7454K, capacity 8085K, committed 8192K, reserved 1048576K
}
Event: 3.671 GC heap after
{Heap after GC invocations=10 (full 0):
 garbage-first heap   total 157696K, used 26324K [0x0000000080a00000, 0x0000000100000000)
  region size 1024K, 10 young (10240K), 10 survivors (10240K)
 Metaspace       used 55742K, capacity 57303K, committed 57600K, reserved 1099776K
  class space    used 7454K, capacity 8085K, committed 8192K, reserved 1048576K
}
Event: 3.934 GC heap before
{Heap before GC invocations=10 (full 0):
 garbage-first heap   total 157696K, used 48852K [0x0000000080a00000, 0x0000000100000000)
  region size 1024K, 33 young (33792K), 10 survivors (10240K)
 Metaspace       used 58199K, capacity 59820K, committed 59948K, reserved 1101824K
  class space    used 7853K, capacity 8517K, committed 8576K, reserved 1048576K
}

