# JRE version: Java(TM) SE Runtime Environment 18.9 (11.0.14+8) (build 11.0.14+8-LTS-263)
# Java VM: Java HotSpot(TM) 64-Bit Server VM 18.9 (11.0.14+8-LTS-263, mixed mode, tiered, compressed oops, g1 gc, windows-amd64)
Heap:
 garbage-first heap   total 191488K, used 26479K [0x0000000080a00000, 0x0000000100000000)
  region size 1024K, 11 young (11264K), 11 survivors (11264K)
 Metaspace       used 56135K, capacity 57729K, committed 57856K, reserved 1099776K
  class space    used 7528K, capacity 8182K, committed 8192K, reserved 1048576K
GC Heap History (10 events):
Event: 1.145 GC heap after
{Heap after GC invocations=4 (full 0):
 garbage-first heap   total 131072K, used 10616K [0x0000000080a00000, 0x0000000100000000)
  region size 1024K, 4 young (4096K), 4 survivors (4096K)
 Metaspace       used 20437K, capacity 21146K, committed 21248K, reserved 1067008K
  class space    used 2434K, capacity 2739K, committed 2816K, reserved 1048576K
}
Event: 1.416 GC heap before
{Heap before GC invocations=5 (full 0):
 garbage-first heap   total 131072K, used 50552K [0x0000000080a00000, 0x0000000100000000)
  region size 1024K, 44 young (45056K), 4 survivors (4096K)
 Metaspace       used 25112K, capacity 25885K, committed 25984K, reserved 1071104K
  class space    used 3148K, capacity 3446K, committed 3456K, reserved 1048576K
}
Event: 1.423 GC heap after
{Heap after GC invocations=6 (full 0):
 garbage-first heap   total 157696K, used 12581K [0x0000000080a00000, 0x0000000100000000)
  region size 1024K, 5 young (5120K), 5 survivors (5120K)
 Metaspace       used 25112K, capacity 25885K, committed 25984K, reserved 1071104K
  class space    used 3148K, capacity 3446K, committed 3456K, reserved 1048576K
}
Event: 2.114 GC heap before
{Heap before GC invocations=6 (full 0):
 garbage-first heap   total 157696K, used 101669K [0x0000000080a00000, 0x0000000100000000)
  region size 1024K, 92 young (94208K), 5 survivors (5120K)
 Metaspace       used 33092K, capacity 34110K, committed 34432K, reserved 1079296K
  class space    used 4182K, capacity 4623K, committed 4736K, reserved 1048576K
}
Event: 2.122 GC heap after
{Heap after GC invocations=7 (full 0):
 garbage-first heap   total 157696K, used 16300K [0x0000000080a00000, 0x0000000100000000)
  region size 1024K, 9 young (9216K), 9 survivors (9216K)
 Metaspace       used 33092K, capacity 34110K, committed 34432K, reserved 1079296K
  class space    used 4182K, capacity 4623K, committed 4736K, reserved 1048576K
}
Event: 2.436 GC heap before
{Heap before GC invocations=7 (full 0):
 garbage-first heap   total 157696K, used 34732K [0x0000000080a00000, 0x0000000100000000)
  region size 1024K, 28 young (28672K), 9 survivors (9216K)
 Metaspace       used 34742K, capacity 35788K, committed 35840K, reserved 1081344K
  class space    used 4421K, capacity 4863K, committed 4864K, reserved 1048576K
}
Event: 2.445 GC heap after
{Heap after GC invocations=8 (full 0):
 garbage-first heap   total 157696K, used 17385K [0x0000000080a00000, 0x0000000100000000)
  region size 1024K, 7 young (7168K), 7 survivors (7168K)
 Metaspace       used 34742K, capacity 35788K, committed 35840K, reserved 1081344K
  class space    used 4421K, capacity 4863K, committed 4864K, reserved 1048576K
}
Event: 4.334 GC heap before
{Heap before GC invocations=9 (full 0):
 garbage-first heap   total 157696K, used 104425K [0x0000000080a00000, 0x0000000100000000)
  region size 1024K, 92 young (94208K), 7 survivors (7168K)
 Metaspace       used 41890K, capacity 43422K, committed 43520K, reserved 1087488K
  class space    used 5443K, capacity 6065K, committed 6144K, reserved 1048576K
}
Event: 4.345 GC heap after
{Heap after GC invocations=10 (full 0):
 garbage-first heap   total 157696K, used 21224K [0x0000000080a00000, 0x0000000100000000)
  region size 1024K, 9 young (9216K), 9 survivors (9216K)
 Metaspace       used 41890K, capacity 43422K, committed 43520K, reserved 1087488K
  class space    used 5443K, capacity 6065K, committed 6144K, reserved 1048576K
}
Event: 6.984 GC heap before
{Heap before GC invocations=10 (full 0):
 garbage-first heap   total 157696K, used 106216K [0x0000000080a00000, 0x0000000100000000)
  region size 1024K, 92 young (94208K), 9 survivors (9216K)
 Metaspace       used 56135K, capacity 57729K, committed 57856K, reserved 1099776K
  class space    used 7528K, capacity 8182K, committed 8192K, reserved 1048576K
}

